<?xml version="1.0" encoding="UTF-8"?>
<!-- Generated by org.testng.reporters.JUnitReportReporter -->
<testsuite hostname="DESKTOP-AMAV84R" failures="0" tests="2" name="testscript.ManageContactTest" time="14.961" errors="0" timestamp="2025-06-10T08:14:43 IST" skipped="0">
  <testcase classname="testscript.ManageContactTest" name="verifyUpdateButtoninContactUsPageDisplayedSuccessfully" time="6.524"/>
  <testcase classname="testscript.ManageContactTest" name="verifyUserisAbletoUpdateContactDetailsSuccessfullyinContactUsPage" time="8.437"/>
</testsuite> <!-- testscript.ManageContactTest -->
