<?xml version="1.0" encoding="UTF-8"?>
<!-- Generated by org.testng.reporters.JUnitReportReporter -->
<testsuite hostname="DESKTOP-AMAV84R" failures="0" tests="1" name="testscript.LoginTest" time="11.035" errors="0" timestamp="2025-06-09T07:43:24 IST" skipped="0">
  <testcase classname="testscript.LoginTest" name="verifyLoginPageWithCorrectUserNameandCorrectPassword" time="11.035"/>
</testsuite> <!-- testscript.LoginTest -->
