<?xml version="1.0" encoding="UTF-8"?>
<!-- Generated by org.testng.reporters.JUnitReportReporter -->
<testsuite hostname="DESKTOP-AMAV84R" failures="0" tests="2" name="testscript.ManageCategoryTest" time="44.822" errors="0" timestamp="2025-06-09T07:41:38 IST" skipped="1">
  <testcase classname="testscript.ManageCategoryTest" name="verifyItemsEnteredInManageCategoryPageShouldBeEnteredSuccessfully" time="24.881"/>
  <testcase classname="testscript.ManageCategoryTest" name="verifyItemsEnteredInManageCategoryPageShouldBeEnteredSuccessfully" time="19.941">
    <skipped/>
  </testcase> <!-- verifyItemsEnteredInManageCategoryPageShouldBeEnteredSuccessfully -->
</testsuite> <!-- testscript.ManageCategoryTest -->
