<?xml version="1.0" encoding="UTF-8"?>
<!-- Generated by org.testng.reporters.JUnitReportReporter -->
<testsuite hostname="DESKTOP-AMAV84R" failures="0" tests="1" name="testscript.ManageNewsTest" time="7.954" errors="0" timestamp="2025-06-10T08:14:43 IST" skipped="0">
  <testcase classname="testscript.ManageNewsTest" name="verifyTheUserIsAbleToEnter_and_Save_News_in_ManageNewsPage" time="7.954"/>
</testsuite> <!-- testscript.ManageNewsTest -->
