<?xml version="1.0" encoding="UTF-8"?>
<!-- Generated by org.testng.reporters.JUnitReportReporter -->
<testsuite hostname="DESKTOP-AMAV84R" failures="0" tests="2" name="testscript.HomeTest" time="39.952" errors="0" timestamp="2025-06-09T07:41:38 IST" skipped="1">
  <testcase classname="testscript.HomeTest" name="verifyLogOutAvatarByClickOnIt" time="19.046"/>
  <testcase classname="testscript.HomeTest" name="verifyLogOutAvatarByClickOnIt" time="20.906">
    <skipped/>
  </testcase> <!-- verifyLogOutAvatarByClickOnIt -->
</testsuite> <!-- testscript.HomeTest -->
