<?xml version="1.0" encoding="UTF-8"?>
<!-- Generated by org.testng.reporters.JUnitReportReporter -->
<testsuite hostname="DESKTOP-AMAV84R" failures="0" tests="1" name="testscript.HomeTest" time="10.971" errors="0" timestamp="2025-06-10T08:14:43 IST" skipped="0">
  <testcase classname="testscript.HomeTest" name="verify_the_User_is_able_to_LogOut_from_the_page_by_ClickOn_LogoutButton" time="10.971"/>
</testsuite> <!-- testscript.HomeTest -->
