<?xml version="1.0" encoding="UTF-8"?>
<!-- Generated by org.testng.reporters.JUnitReportReporter -->
<testsuite hostname="DESKTOP-AMAV84R" failures="0" tests="1" name="testscript.ManageFooterTextTest" time="28.175" errors="0" timestamp="2025-06-09T07:41:38 IST" skipped="0">
  <testcase classname="testscript.ManageFooterTextTest" name="verifyManageFooterTextPage" time="28.175"/>
</testsuite> <!-- testscript.ManageFooterTextTest -->
