<?xml version="1.0" encoding="UTF-8"?>
<!-- Generated by org.testng.reporters.JUnitReportReporter -->
<testsuite hostname="DESKTOP-AMAV84R" failures="0" tests="1" name="testscript.ManageNewsTest" time="18.207" errors="0" timestamp="2025-06-09T07:41:38 IST" skipped="0">
  <testcase classname="testscript.ManageNewsTest" name="verifyManageNewsPage" time="18.207"/>
</testsuite> <!-- testscript.ManageNewsTest -->
