<?xml version="1.0" encoding="UTF-8"?>
<!-- Generated by org.testng.reporters.JUnitReportReporter -->
<testsuite hostname="DESKTOP-AMAV84R" failures="0" tests="1" name="testscript.AdminUsersTest" time="14.182" errors="0" timestamp="2025-06-10T08:14:43 IST" skipped="0">
  <testcase classname="testscript.AdminUsersTest" name="verify_whether_User_is_able_to_AddAdminUsers_in_AdminUsersPage" time="14.182"/>
</testsuite> <!-- testscript.AdminUsersTest -->
