<?xml version="1.0" encoding="UTF-8"?>
<!-- Generated by org.testng.reporters.JUnitReportReporter -->
<testsuite hostname="DESKTOP-AMAV84R" failures="0" tests="2" name="testscript.ManageFooterTextTest" time="21.001" errors="0" timestamp="2025-06-10T08:14:43 IST" skipped="0">
  <testcase classname="testscript.ManageFooterTextTest" name="verify_User_Is_Able_to_Update_ManageFooterTextPage" time="11.622"/>
  <testcase classname="testscript.ManageFooterTextTest" name="verifyUpdateButtonDisplayedSuccessfully_in_ManageFooterPage" time="9.379"/>
</testsuite> <!-- testscript.ManageFooterTextTest -->
